mode: set
github.com/jimmy-go/recaptcha/recaptcha.go:62.50,63.18 1 1
github.com/jimmy-go/recaptcha/recaptcha.go:66.2,66.21 1 1
github.com/jimmy-go/recaptcha/recaptcha.go:69.2,76.16 2 1
github.com/jimmy-go/recaptcha/recaptcha.go:63.18,65.3 1 1
github.com/jimmy-go/recaptcha/recaptcha.go:66.21,68.3 1 1
github.com/jimmy-go/recaptcha/recaptcha.go:85.51,93.16 7 1
github.com/jimmy-go/recaptcha/recaptcha.go:96.2,100.16 4 1
github.com/jimmy-go/recaptcha/recaptcha.go:104.2,105.12 2 1
github.com/jimmy-go/recaptcha/recaptcha.go:93.16,95.3 1 0
github.com/jimmy-go/recaptcha/recaptcha.go:100.16,102.3 1 0
github.com/jimmy-go/recaptcha/recaptcha.go:109.33,110.16 1 1
github.com/jimmy-go/recaptcha/recaptcha.go:113.2,114.57 2 1
github.com/jimmy-go/recaptcha/recaptcha.go:110.16,112.3 1 0
