mode: set
github.com/jimmy-go/recaptcha/recaptcha.go:74.50,75.18 1 1
github.com/jimmy-go/recaptcha/recaptcha.go:78.2,78.21 1 1
github.com/jimmy-go/recaptcha/recaptcha.go:81.2,88.16 2 1
github.com/jimmy-go/recaptcha/recaptcha.go:75.18,77.3 1 1
github.com/jimmy-go/recaptcha/recaptcha.go:78.21,80.3 1 1
github.com/jimmy-go/recaptcha/recaptcha.go:97.51,105.16 7 1
github.com/jimmy-go/recaptcha/recaptcha.go:108.2,117.16 6 1
github.com/jimmy-go/recaptcha/recaptcha.go:125.2,126.12 2 1
github.com/jimmy-go/recaptcha/recaptcha.go:105.16,107.3 1 1
github.com/jimmy-go/recaptcha/recaptcha.go:117.16,119.20 2 1
github.com/jimmy-go/recaptcha/recaptcha.go:122.3,122.43 1 1
github.com/jimmy-go/recaptcha/recaptcha.go:119.20,121.4 1 1
github.com/jimmy-go/recaptcha/recaptcha.go:130.33,131.16 1 1
github.com/jimmy-go/recaptcha/recaptcha.go:134.2,135.57 2 1
github.com/jimmy-go/recaptcha/recaptcha.go:131.16,133.3 1 1
